Performing C SOURCE FILE Test CMAKE_HAVE_LIBC_PTHREAD failed with the following output:
Change Dir: /home/wxd/calib_gui/calib_ws/build/CMakeFiles/CMakeTmp

Run Build Command(s):/usr/bin/make cmTC_7a976/fast && /usr/bin/make -f CMakeFiles/cmTC_7a976.dir/build.make CMakeFiles/cmTC_7a976.dir/build
make[1]: 进入目录“/home/wxd/calib_gui/calib_ws/build/CMakeFiles/CMakeTmp”
Building C object CMakeFiles/cmTC_7a976.dir/src.c.o
/usr/bin/cc   -DCMAKE_HAVE_LIBC_PTHREAD   -o CMakeFiles/cmTC_7a976.dir/src.c.o   -c /home/wxd/calib_gui/calib_ws/build/CMakeFiles/CMakeTmp/src.c
Linking C executable cmTC_7a976
/usr/bin/cmake -E cmake_link_script CMakeFiles/cmTC_7a976.dir/link.txt --verbose=1
/usr/bin/cc  -DCMAKE_HAVE_LIBC_PTHREAD    -rdynamic CMakeFiles/cmTC_7a976.dir/src.c.o  -o cmTC_7a976 
/usr/bin/ld: CMakeFiles/cmTC_7a976.dir/src.c.o: in function `main':
src.c:(.text+0x46): undefined reference to `pthread_create'
/usr/bin/ld: src.c:(.text+0x52): undefined reference to `pthread_detach'
/usr/bin/ld: src.c:(.text+0x63): undefined reference to `pthread_join'
collect2: error: ld returned 1 exit status
make[1]: *** [CMakeFiles/cmTC_7a976.dir/build.make:87：cmTC_7a976] 错误 1
make[1]: 离开目录“/home/wxd/calib_gui/calib_ws/build/CMakeFiles/CMakeTmp”
make: *** [Makefile:121：cmTC_7a976/fast] 错误 2


Source file was:
#include <pthread.h>

void* test_func(void* data)
{
  return data;
}

int main(void)
{
  pthread_t thread;
  pthread_create(&thread, NULL, test_func, NULL);
  pthread_detach(thread);
  pthread_join(thread, NULL);
  pthread_atfork(NULL, NULL, NULL);
  pthread_exit(NULL);

  return 0;
}

Determining if the function pthread_create exists in the pthreads failed with the following output:
Change Dir: /home/wxd/calib_gui/calib_ws/build/CMakeFiles/CMakeTmp

Run Build Command(s):/usr/bin/make cmTC_26cb0/fast && /usr/bin/make -f CMakeFiles/cmTC_26cb0.dir/build.make CMakeFiles/cmTC_26cb0.dir/build
make[1]: 进入目录“/home/wxd/calib_gui/calib_ws/build/CMakeFiles/CMakeTmp”
Building C object CMakeFiles/cmTC_26cb0.dir/CheckFunctionExists.c.o
/usr/bin/cc   -DCHECK_FUNCTION_EXISTS=pthread_create   -o CMakeFiles/cmTC_26cb0.dir/CheckFunctionExists.c.o   -c /usr/share/cmake-3.16/Modules/CheckFunctionExists.c
Linking C executable cmTC_26cb0
/usr/bin/cmake -E cmake_link_script CMakeFiles/cmTC_26cb0.dir/link.txt --verbose=1
/usr/bin/cc  -DCHECK_FUNCTION_EXISTS=pthread_create    -rdynamic CMakeFiles/cmTC_26cb0.dir/CheckFunctionExists.c.o  -o cmTC_26cb0  -lpthreads 
/usr/bin/ld: 找不到 -lpthreads
collect2: error: ld returned 1 exit status
make[1]: *** [CMakeFiles/cmTC_26cb0.dir/build.make:87：cmTC_26cb0] 错误 1
make[1]: 离开目录“/home/wxd/calib_gui/calib_ws/build/CMakeFiles/CMakeTmp”
make: *** [Makefile:121：cmTC_26cb0/fast] 错误 2



Determining if the function sgemm_ exists failed with the following output:
Change Dir: /home/wxd/calib_gui/calib_ws/build/CMakeFiles/CMakeTmp

Run Build Command(s):/usr/bin/make cmTC_45dcb/fast && /usr/bin/make -f CMakeFiles/cmTC_45dcb.dir/build.make CMakeFiles/cmTC_45dcb.dir/build
make[1]: 进入目录“/home/wxd/calib_gui/calib_ws/build/CMakeFiles/CMakeTmp”
Building C object CMakeFiles/cmTC_45dcb.dir/CheckFunctionExists.c.o
/usr/bin/cc   -DCHECK_FUNCTION_EXISTS=sgemm_   -o CMakeFiles/cmTC_45dcb.dir/CheckFunctionExists.c.o   -c /usr/share/cmake-3.16/Modules/CheckFunctionExists.c
Linking C executable cmTC_45dcb
/usr/bin/cmake -E cmake_link_script CMakeFiles/cmTC_45dcb.dir/link.txt --verbose=1
/usr/bin/cc   -DCHECK_FUNCTION_EXISTS=sgemm_     CMakeFiles/cmTC_45dcb.dir/CheckFunctionExists.c.o  -o cmTC_45dcb 
/usr/bin/ld: CMakeFiles/cmTC_45dcb.dir/CheckFunctionExists.c.o: in function `main':
CheckFunctionExists.c:(.text+0x14): undefined reference to `sgemm_'
collect2: error: ld returned 1 exit status
make[1]: *** [CMakeFiles/cmTC_45dcb.dir/build.make:87：cmTC_45dcb] 错误 1
make[1]: 离开目录“/home/wxd/calib_gui/calib_ws/build/CMakeFiles/CMakeTmp”
make: *** [Makefile:121：cmTC_45dcb/fast] 错误 2



Determining if the function cheev_ exists failed with the following output:
Change Dir: /home/wxd/calib_gui/calib_ws/build/CMakeFiles/CMakeTmp

Run Build Command(s):/usr/bin/make cmTC_bcc96/fast && /usr/bin/make -f CMakeFiles/cmTC_bcc96.dir/build.make CMakeFiles/cmTC_bcc96.dir/build
make[1]: 进入目录“/home/wxd/calib_gui/calib_ws/build/CMakeFiles/CMakeTmp”
Building C object CMakeFiles/cmTC_bcc96.dir/CheckFunctionExists.c.o
/usr/bin/cc   -DCHECK_FUNCTION_EXISTS=cheev_   -o CMakeFiles/cmTC_bcc96.dir/CheckFunctionExists.c.o   -c /usr/share/cmake-3.16/Modules/CheckFunctionExists.c
Linking C executable cmTC_bcc96
/usr/bin/cmake -E cmake_link_script CMakeFiles/cmTC_bcc96.dir/link.txt --verbose=1
/usr/bin/cc   -DCHECK_FUNCTION_EXISTS=cheev_     CMakeFiles/cmTC_bcc96.dir/CheckFunctionExists.c.o  -o cmTC_bcc96  /usr/lib/x86_64-linux-gnu/libf77blas.so /usr/lib/x86_64-linux-gnu/libatlas.so 
/usr/bin/ld: CMakeFiles/cmTC_bcc96.dir/CheckFunctionExists.c.o: in function `main':
CheckFunctionExists.c:(.text+0x14): undefined reference to `cheev_'
collect2: error: ld returned 1 exit status
make[1]: *** [CMakeFiles/cmTC_bcc96.dir/build.make:89：cmTC_bcc96] 错误 1
make[1]: 离开目录“/home/wxd/calib_gui/calib_ws/build/CMakeFiles/CMakeTmp”
make: *** [Makefile:121：cmTC_bcc96/fast] 错误 2



